<?xml version="1.0" encoding="UTF-8"?>
<!-- Generated by org.testng.reporters.JUnitXMLReporter -->
<testsuite ignored="0" hostname="MLLLAPH001232-" failures="0" tests="4" name="Test" time="106.295" errors="0" timestamp="2023-11-06T15:20:58 IST">
  <testcase classname="MLL.TestCases.InBoundTest" name="PreGrncreate" time="56.929"/>
  <testcase classname="MLL.TestCases.InBoundTest" name="PreGrnsearch" time="9.462"/>
  <testcase classname="MLL.TestCases.InBoundTest" name="GrnSearch" time="19.976"/>
  <testcase classname="MLL.TestCases.InBoundTest" name="convertToGrn" time="6.014"/>
</testsuite> <!-- Test -->
